<?xml version="1.0" encoding="UTF-8"?>
<testsuite xmlns:xsi="http://www.w3.org/2001/XMLSchema-instance" xsi:schemaLocation="https://maven.apache.org/surefire/maven-surefire-plugin/xsd/surefire-test-report.xsd" name="varausjarjestelma.varausjarjestelma.AppTest" time="9.625" tests="18" errors="0" skipped="0" failures="0">
  <properties>
[...]
</properties>
  <testcase name="testALisaaOminaisuus" classname="varausjarjestelma.varausjarjestelma.AppTest" time="0.519"/>
  <testcase name="testALisaaTila" classname="varausjarjestelma.varausjarjestelma.AppTest" time="0.262"/>
  <testcase name="testALisaaTilanOminaisuus" classname="varausjarjestelma.varausjarjestelma.AppTest" time="0.279"/>
  <testcase name="testALuoKäyttäjä" classname="varausjarjestelma.varausjarjestelma.AppTest" time="0.273"/>
  <testcase name="testBEtsiOminaisuus" classname="varausjarjestelma.varausjarjestelma.AppTest" time="0.352"/>
  <testcase name="testBEtsiTila" classname="varausjarjestelma.varausjarjestelma.AppTest" time="0.075"/>
  <testcase name="testBEtsiTilanOminaisuus" classname="varausjarjestelma.varausjarjestelma.AppTest" time="0.129"/>
  <testcase name="testCMuokkaaKäyttäjää" classname="varausjarjestelma.varausjarjestelma.AppTest" time="0.164"/>
  <testcase name="testCMuokkaaOminaisuus" classname="varausjarjestelma.varausjarjestelma.AppTest" time="0.146"/>
  <testcase name="testCMuokkaaTila" classname="varausjarjestelma.varausjarjestelma.AppTest" time="0.148"/>
  <testcase name="testCMuokkaaTilanOminaisuus" classname="varausjarjestelma.varausjarjestelma.AppTest" time="0.182"/>
  <testcase name="testDLisääVaraus" classname="varausjarjestelma.varausjarjestelma.AppTest" time="0.293"/>
  <testcase name="testEMuokkaaVarausta" classname="varausjarjestelma.varausjarjestelma.AppTest" time="0.182"/>
  <testcase name="testFPoistaVaraus" classname="varausjarjestelma.varausjarjestelma.AppTest" time="0.088"/>
  <testcase name="testGPoistaKäyttäjä" classname="varausjarjestelma.varausjarjestelma.AppTest" time="0.071"/>
  <testcase name="testGPoistaOminaisuus" classname="varausjarjestelma.varausjarjestelma.AppTest" time="0.07"/>
  <testcase name="testGPoistaTila" classname="varausjarjestelma.varausjarjestelma.AppTest" time="0.073"/>
  <testcase name="testGPoistaTilanOminaisuus" classname="varausjarjestelma.varausjarjestelma.AppTest" time="0.074"/>
</testsuite>